\BOOKMARK [0][-]{chapter*.1}{Abstract}{}% 1
\BOOKMARK [0][-]{chapter.1}{Introduction}{}% 2
\BOOKMARK [1][-]{section.1.1}{Introduction}{chapter.1}% 3
\BOOKMARK [2][-]{subsection.1.1.1}{History}{section.1.1}% 4
\BOOKMARK [0][-]{chapter.2}{Methodology}{}% 5
\BOOKMARK [1][-]{section.2.1}{Introduction}{chapter.2}% 6
\BOOKMARK [1][-]{section.2.2}{Formulation of the Problem}{chapter.2}% 7
\BOOKMARK [2][-]{subsection.2.2.1}{Choice of Basis Function}{section.2.2}% 8
\BOOKMARK [2][-]{subsection.2.2.2}{Lagrangian in Matrix Form}{section.2.2}% 9
\BOOKMARK [2][-]{subsection.2.2.3}{Generalized Eigenvalue Equation}{section.2.2}% 10
\BOOKMARK [2][-]{subsection.2.2.4}{Example:Calculation of Resonance frequencies of Rectangular parallelepiped}{section.2.2}% 11
\BOOKMARK [1][-]{section.2.3}{Basics of Elasticity}{chapter.2}% 12
\BOOKMARK [2][-]{subsection.2.3.1}{Elastic Isotropy Conditions}{section.2.3}% 13
\BOOKMARK [2][-]{subsection.2.3.2}{Engineering Constants}{section.2.3}% 14
\BOOKMARK [1][-]{section.2.4}{Hollow Tube Geometry}{chapter.2}% 15
\BOOKMARK [1][-]{section.2.5}{Classical Solution of Vibrating rings and tubes}{chapter.2}% 16
\BOOKMARK [0][-]{chapter.3}{Results}{}% 17
\BOOKMARK [1][-]{section.3.1}{Identification of Natural Frequencies}{chapter.3}% 18
\BOOKMARK [1][-]{section.3.2}{Calculation of the Elastic Constant}{chapter.3}% 19
\BOOKMARK [1][-]{section.3.3}{Mode Identification}{chapter.3}% 20
\BOOKMARK [0][-]{chapter.4}{Discussions and conclusions}{}% 21
\BOOKMARK [1][-]{section.4.1}{Conclusion}{chapter.4}% 22
\BOOKMARK [1][-]{section.4.2}{Recommendations}{chapter.4}% 23
\BOOKMARK [1][-]{section.4.3}{Future Work}{chapter.4}% 24
\BOOKMARK [0][-]{chapter.5}{Acknowledgments}{}% 25
\BOOKMARK [1][-]{section.5.1}{Thermal Contact Resistance}{chapter.5}% 26
\BOOKMARK [1][-]{section.5.2}{Contact Pressure}{chapter.5}% 27
\BOOKMARK [1][-]{section.5.3}{Experiment}{chapter.5}% 28
\BOOKMARK [2][-]{subsection.5.3.1}{Target Assembly}{section.5.3}% 29
\BOOKMARK [2][-]{subsection.5.3.2}{Results}{section.5.3}% 30
\BOOKMARK [0][-]{appendix.A}{XYZ Algorithm}{}% 31
